2002.06.25 18:53 B D:\My Documents\Gene Chu Dot Com\Site\Gene Chu Dot Com folder\Gene Chu Dot Com\galleryimages\a6victorsvanquished.gif --> ftp.genechu.com /galleryimages a6victorsvanquished.gif
2002.06.25 18:53 B D:\My Documents\Gene Chu Dot Com\Site\Gene Chu Dot Com folder\Gene Chu Dot Com\galleryimages\a6victorsvanquisheddetail.gif --> ftp.genechu.com /galleryimages a6victorsvanquisheddetail.gif
2002.06.25 18:53 B D:\My Documents\Gene Chu Dot Com\Site\Gene Chu Dot Com folder\Gene Chu Dot Com\galleryimages\a6victorsvanquisheddetail2.gif --> ftp.genechu.com /galleryimages a6victorsvanquisheddetail2.gif
2002.06.25 18:53 B D:\My Documents\Gene Chu Dot Com\Site\Gene Chu Dot Com folder\Gene Chu Dot Com\galleryimages\a6victorsvanquishedthm.gif --> ftp.genechu.com /galleryimages a6victorsvanquishedthm.gif
2002.06.25 18:54 B D:\My Documents\Gene Chu Dot Com\Site\Gene Chu Dot Com folder\Gene Chu Dot Com\galleryimages\danceoftheshadows.gif --> ftp.genechu.com /galleryimages danceoftheshadows.gif
2002.06.25 18:54 B D:\My Documents\Gene Chu Dot Com\Site\Gene Chu Dot Com folder\Gene Chu Dot Com\galleryimages\danceoftheshadowsdetail.gif --> ftp.genechu.com /galleryimages danceoftheshadowsdetail.gif
2002.06.25 18:54 B D:\My Documents\Gene Chu Dot Com\Site\Gene Chu Dot Com folder\Gene Chu Dot Com\galleryimages\danceoftheshadowsthm.gif --> ftp.genechu.com /galleryimages danceoftheshadowsthm.gif
2002.06.25 18:54 B D:\My Documents\Gene Chu Dot Com\Site\Gene Chu Dot Com folder\Gene Chu Dot Com\galleryimages\desolation.gif --> ftp.genechu.com /galleryimages desolation.gif
2002.06.25 18:54 B D:\My Documents\Gene Chu Dot Com\Site\Gene Chu Dot Com folder\Gene Chu Dot Com\galleryimages\desolationdetail.gif --> ftp.genechu.com /galleryimages desolationdetail.gif
2002.06.25 18:54 B D:\My Documents\Gene Chu Dot Com\Site\Gene Chu Dot Com folder\Gene Chu Dot Com\galleryimages\desolationthm.gif --> ftp.genechu.com /galleryimages desolationthm.gif
2002.06.25 18:54 B D:\My Documents\Gene Chu Dot Com\Site\Gene Chu Dot Com folder\Gene Chu Dot Com\galleryimages\f13.gif --> ftp.genechu.com /galleryimages f13.gif
2002.06.25 18:54 B D:\My Documents\Gene Chu Dot Com\Site\Gene Chu Dot Com folder\Gene Chu Dot Com\galleryimages\f13detail.gif --> ftp.genechu.com /galleryimages f13detail.gif
2002.06.25 18:54 B D:\My Documents\Gene Chu Dot Com\Site\Gene Chu Dot Com folder\Gene Chu Dot Com\galleryimages\f13thm.gif --> ftp.genechu.com /galleryimages f13thm.gif
2002.06.25 18:54 B D:\My Documents\Gene Chu Dot Com\Site\Gene Chu Dot Com folder\Gene Chu Dot Com\galleryimages\s2middaywrestle.gif --> ftp.genechu.com /galleryimages s2middaywrestle.gif
2002.06.25 18:54 B D:\My Documents\Gene Chu Dot Com\Site\Gene Chu Dot Com folder\Gene Chu Dot Com\galleryimages\s2middaywrestledetail.gif --> ftp.genechu.com /galleryimages s2middaywrestledetail.gif
2002.06.25 18:54 B D:\My Documents\Gene Chu Dot Com\Site\Gene Chu Dot Com folder\Gene Chu Dot Com\galleryimages\s2middaywrestlethm.gif --> ftp.genechu.com /galleryimages s2middaywrestlethm.gif
2002.06.25 18:54 B D:\My Documents\Gene Chu Dot Com\Site\Gene Chu Dot Com folder\Gene Chu Dot Com\galleryimages\theantseries.gif --> ftp.genechu.com /galleryimages theantseries.gif
2002.06.25 18:54 B D:\My Documents\Gene Chu Dot Com\Site\Gene Chu Dot Com folder\Gene Chu Dot Com\galleryimages\theriver.gif --> ftp.genechu.com /galleryimages theriver.gif
2002.06.25 18:55 B D:\My Documents\Gene Chu Dot Com\Site\Gene Chu Dot Com folder\Gene Chu Dot Com\galleryimages\theriverdetail.gif --> ftp.genechu.com /galleryimages theriverdetail.gif
2002.06.25 18:55 B D:\My Documents\Gene Chu Dot Com\Site\Gene Chu Dot Com folder\Gene Chu Dot Com\galleryimages\theriverthm.gif --> ftp.genechu.com /galleryimages theriverthm.gif
2002.06.27 13:04 B D:\My Documents\Gene Chu Dot Com\Site\Gene Chu Dot Com folder\Gene Chu Dot Com\galleryimages\genechuprinting.gif --> ftp.genechu.com /galleryimages genechuprinting.gif
2002.06.28 00:50 B D:\My Documents\Gene Chu Dot Com\Site\Gene Chu Dot Com folder\Gene Chu Dot Com\galleryimages\a6victorsvanquished.gif --> ftp.genechu.com /galleryimages a6victorsvanquished.gif
2002.06.28 00:50 B D:\My Documents\Gene Chu Dot Com\Site\Gene Chu Dot Com folder\Gene Chu Dot Com\galleryimages\a6victorsvanquishedthm.gif --> ftp.genechu.com /galleryimages a6victorsvanquishedthm.gif
2002.06.28 00:50 B D:\My Documents\Gene Chu Dot Com\Site\Gene Chu Dot Com folder\Gene Chu Dot Com\galleryimages\Copy of theriver.gif --> ftp.genechu.com /galleryimages Copy of theriver.gif
2002.06.28 00:50 B D:\My Documents\Gene Chu Dot Com\Site\Gene Chu Dot Com folder\Gene Chu Dot Com\galleryimages\f13.gif --> ftp.genechu.com /galleryimages f13.gif
2002.06.28 00:50 B D:\My Documents\Gene Chu Dot Com\Site\Gene Chu Dot Com folder\Gene Chu Dot Com\galleryimages\f13detail.gif --> ftp.genechu.com /galleryimages f13detail.gif
2002.06.28 00:50 B D:\My Documents\Gene Chu Dot Com\Site\Gene Chu Dot Com folder\Gene Chu Dot Com\galleryimages\f13thm.gif --> ftp.genechu.com /galleryimages f13thm.gif
2002.06.28 00:50 B D:\My Documents\Gene Chu Dot Com\Site\Gene Chu Dot Com folder\Gene Chu Dot Com\galleryimages\genechuprinting.gif --> ftp.genechu.com /galleryimages genechuprinting.gif
2002.06.28 00:50 B D:\My Documents\Gene Chu Dot Com\Site\Gene Chu Dot Com folder\Gene Chu Dot Com\galleryimages\genechuprinting2.gif --> ftp.genechu.com /galleryimages genechuprinting2.gif
2002.06.28 00:50 B D:\My Documents\Gene Chu Dot Com\Site\Gene Chu Dot Com folder\Gene Chu Dot Com\galleryimages\s2middaywrestledetail.gif --> ftp.genechu.com /galleryimages s2middaywrestledetail.gif
2002.06.28 00:50 B D:\My Documents\Gene Chu Dot Com\Site\Gene Chu Dot Com folder\Gene Chu Dot Com\galleryimages\s2middaywrestlethm.gif --> ftp.genechu.com /galleryimages s2middaywrestlethm.gif
2002.06.28 00:50 B D:\My Documents\Gene Chu Dot Com\Site\Gene Chu Dot Com folder\Gene Chu Dot Com\galleryimages\theriver.gif --> ftp.genechu.com /galleryimages theriver.gif
2002.06.28 00:50 B D:\My Documents\Gene Chu Dot Com\Site\Gene Chu Dot Com folder\Gene Chu Dot Com\galleryimages\WS_FTP.LOG --> ftp.genechu.com /galleryimages WS_FTP.LOG
2002.06.28 15:04 B D:\My Documents\Gene Chu Dot Com\Site\Gene Chu Dot Com folder\Gene Chu Dot Com\galleryimages\186pixelspacer.gif --> ftp.genechu.com /galleryimages 186pixelspacer.gif
2002.06.28 15:05 B D:\My Documents\Gene Chu Dot Com\Site\Gene Chu Dot Com folder\Gene Chu Dot Com\galleryimages\s1morningdew.gif --> ftp.genechu.com /galleryimages s1morningdew.gif
2002.06.28 15:05 B D:\My Documents\Gene Chu Dot Com\Site\Gene Chu Dot Com folder\Gene Chu Dot Com\galleryimages\s1morningdewdetail.gif --> ftp.genechu.com /galleryimages s1morningdewdetail.gif
2002.06.28 15:05 B D:\My Documents\Gene Chu Dot Com\Site\Gene Chu Dot Com folder\Gene Chu Dot Com\galleryimages\s1morningdewthm.gif --> ftp.genechu.com /galleryimages s1morningdewthm.gif
2002.06.28 15:05 B D:\My Documents\Gene Chu Dot Com\Site\Gene Chu Dot Com folder\Gene Chu Dot Com\galleryimages\s2middaywrestle.gif --> ftp.genechu.com /galleryimages s2middaywrestle.gif
2002.06.28 15:05 B D:\My Documents\Gene Chu Dot Com\Site\Gene Chu Dot Com folder\Gene Chu Dot Com\galleryimages\s2middaywrestledetail.gif --> ftp.genechu.com /galleryimages s2middaywrestledetail.gif
2002.06.28 15:05 B D:\My Documents\Gene Chu Dot Com\Site\Gene Chu Dot Com folder\Gene Chu Dot Com\galleryimages\s2middaywrestlethm.gif --> ftp.genechu.com /galleryimages s2middaywrestlethm.gif
2002.06.28 15:05 B D:\My Documents\Gene Chu Dot Com\Site\Gene Chu Dot Com folder\Gene Chu Dot Com\galleryimages\s3afternoonhustle.gif --> ftp.genechu.com /galleryimages s3afternoonhustle.gif
2002.06.28 15:05 B D:\My Documents\Gene Chu Dot Com\Site\Gene Chu Dot Com folder\Gene Chu Dot Com\galleryimages\s3afternoonhustledetail.gif --> ftp.genechu.com /galleryimages s3afternoonhustledetail.gif
2002.06.28 15:05 B D:\My Documents\Gene Chu Dot Com\Site\Gene Chu Dot Com folder\Gene Chu Dot Com\galleryimages\s3afternoonhustlethm.gif --> ftp.genechu.com /galleryimages s3afternoonhustlethm.gif
2002.06.28 15:05 B D:\My Documents\Gene Chu Dot Com\Site\Gene Chu Dot Com folder\Gene Chu Dot Com\galleryimages\s4eveningchill.gif --> ftp.genechu.com /galleryimages s4eveningchill.gif
2002.06.28 15:05 B D:\My Documents\Gene Chu Dot Com\Site\Gene Chu Dot Com folder\Gene Chu Dot Com\galleryimages\s4eveningchilldetail.gif --> ftp.genechu.com /galleryimages s4eveningchilldetail.gif
2002.06.28 15:05 B D:\My Documents\Gene Chu Dot Com\Site\Gene Chu Dot Com folder\Gene Chu Dot Com\galleryimages\s4eveningchillthm.gif --> ftp.genechu.com /galleryimages s4eveningchillthm.gif
2002.06.28 15:05 B D:\My Documents\Gene Chu Dot Com\Site\Gene Chu Dot Com folder\Gene Chu Dot Com\galleryimages\WS_FTP.LOG --> ftp.genechu.com /galleryimages WS_FTP.LOG
2002.06.28 16:58 B D:\My Documents\Gene Chu Dot Com\Site\Gene Chu Dot Com folder\Gene Chu Dot Com\galleryimages\186pixelspacer.gif --> ftp.genechu.com /galleryimages 186pixelspacer.gif
2002.06.28 16:58 B D:\My Documents\Gene Chu Dot Com\Site\Gene Chu Dot Com folder\Gene Chu Dot Com\galleryimages\mdanceoftheshadows.gif --> ftp.genechu.com /galleryimages mdanceoftheshadows.gif
2002.06.28 16:58 B D:\My Documents\Gene Chu Dot Com\Site\Gene Chu Dot Com folder\Gene Chu Dot Com\galleryimages\mdanceoftheshadowsdetail.gif --> ftp.genechu.com /galleryimages mdanceoftheshadowsdetail.gif
2002.06.28 16:58 B D:\My Documents\Gene Chu Dot Com\Site\Gene Chu Dot Com folder\Gene Chu Dot Com\galleryimages\mdanceoftheshadowsthm.gif --> ftp.genechu.com /galleryimages mdanceoftheshadowsthm.gif
2002.06.28 16:58 B D:\My Documents\Gene Chu Dot Com\Site\Gene Chu Dot Com folder\Gene Chu Dot Com\galleryimages\mgateofmysteries.gif --> ftp.genechu.com /galleryimages mgateofmysteries.gif
2002.06.28 16:58 B D:\My Documents\Gene Chu Dot Com\Site\Gene Chu Dot Com folder\Gene Chu Dot Com\galleryimages\mgateofmysteriesdetail.gif --> ftp.genechu.com /galleryimages mgateofmysteriesdetail.gif
2002.06.28 16:58 B D:\My Documents\Gene Chu Dot Com\Site\Gene Chu Dot Com folder\Gene Chu Dot Com\galleryimages\mgateofmysteriesthm.gif --> ftp.genechu.com /galleryimages mgateofmysteriesthm.gif
2002.06.28 16:58 B D:\My Documents\Gene Chu Dot Com\Site\Gene Chu Dot Com folder\Gene Chu Dot Com\galleryimages\mtheriver.gif --> ftp.genechu.com /galleryimages mtheriver.gif
2002.06.28 16:58 B D:\My Documents\Gene Chu Dot Com\Site\Gene Chu Dot Com folder\Gene Chu Dot Com\galleryimages\mtheriverdetail.gif --> ftp.genechu.com /galleryimages mtheriverdetail.gif
2002.06.28 16:58 B D:\My Documents\Gene Chu Dot Com\Site\Gene Chu Dot Com folder\Gene Chu Dot Com\galleryimages\mtheriverthm.gif --> ftp.genechu.com /galleryimages mtheriverthm.gif
2002.06.28 16:58 B D:\My Documents\Gene Chu Dot Com\Site\Gene Chu Dot Com folder\Gene Chu Dot Com\galleryimages\s1morningdew.gif --> ftp.genechu.com /galleryimages s1morningdew.gif
2002.06.28 16:59 B D:\My Documents\Gene Chu Dot Com\Site\Gene Chu Dot Com folder\Gene Chu Dot Com\galleryimages\s1morningdewdetail.gif --> ftp.genechu.com /galleryimages s1morningdewdetail.gif
2002.06.28 16:59 B D:\My Documents\Gene Chu Dot Com\Site\Gene Chu Dot Com folder\Gene Chu Dot Com\galleryimages\s1morningdewthm.gif --> ftp.genechu.com /galleryimages s1morningdewthm.gif
2002.06.28 16:59 B D:\My Documents\Gene Chu Dot Com\Site\Gene Chu Dot Com folder\Gene Chu Dot Com\galleryimages\s2middaywrestle.gif --> ftp.genechu.com /galleryimages s2middaywrestle.gif
2002.06.28 16:59 B D:\My Documents\Gene Chu Dot Com\Site\Gene Chu Dot Com folder\Gene Chu Dot Com\galleryimages\s2middaywrestledetail.gif --> ftp.genechu.com /galleryimages s2middaywrestledetail.gif
2002.06.28 16:59 B D:\My Documents\Gene Chu Dot Com\Site\Gene Chu Dot Com folder\Gene Chu Dot Com\galleryimages\s2middaywrestlethm.gif --> ftp.genechu.com /galleryimages s2middaywrestlethm.gif
2002.06.28 16:59 B D:\My Documents\Gene Chu Dot Com\Site\Gene Chu Dot Com folder\Gene Chu Dot Com\galleryimages\s3afternoonhustle.gif --> ftp.genechu.com /galleryimages s3afternoonhustle.gif
2002.06.28 16:59 B D:\My Documents\Gene Chu Dot Com\Site\Gene Chu Dot Com folder\Gene Chu Dot Com\galleryimages\s3afternoonhustledetail.gif --> ftp.genechu.com /galleryimages s3afternoonhustledetail.gif
2002.06.28 16:59 B D:\My Documents\Gene Chu Dot Com\Site\Gene Chu Dot Com folder\Gene Chu Dot Com\galleryimages\s3afternoonhustlethm.gif --> ftp.genechu.com /galleryimages s3afternoonhustlethm.gif
2002.06.28 16:59 B D:\My Documents\Gene Chu Dot Com\Site\Gene Chu Dot Com folder\Gene Chu Dot Com\galleryimages\s4eveningchill.gif --> ftp.genechu.com /galleryimages s4eveningchill.gif
2002.06.28 16:59 B D:\My Documents\Gene Chu Dot Com\Site\Gene Chu Dot Com folder\Gene Chu Dot Com\galleryimages\s4eveningchilldetail.gif --> ftp.genechu.com /galleryimages s4eveningchilldetail.gif
2002.06.28 16:59 B D:\My Documents\Gene Chu Dot Com\Site\Gene Chu Dot Com folder\Gene Chu Dot Com\galleryimages\s4eveningchillthm.gif --> ftp.genechu.com /galleryimages s4eveningchillthm.gif
2002.06.28 16:59 B D:\My Documents\Gene Chu Dot Com\Site\Gene Chu Dot Com folder\Gene Chu Dot Com\galleryimages\wcaptivity.gif --> ftp.genechu.com /galleryimages wcaptivity.gif
2002.06.28 16:59 B D:\My Documents\Gene Chu Dot Com\Site\Gene Chu Dot Com folder\Gene Chu Dot Com\galleryimages\wcaptivitydetail.gif --> ftp.genechu.com /galleryimages wcaptivitydetail.gif
2002.06.28 16:59 B D:\My Documents\Gene Chu Dot Com\Site\Gene Chu Dot Com folder\Gene Chu Dot Com\galleryimages\wcaptivitythm.gif --> ftp.genechu.com /galleryimages wcaptivitythm.gif
2002.06.28 16:59 B D:\My Documents\Gene Chu Dot Com\Site\Gene Chu Dot Com folder\Gene Chu Dot Com\galleryimages\wdesolation.gif --> ftp.genechu.com /galleryimages wdesolation.gif
2002.06.28 16:59 B D:\My Documents\Gene Chu Dot Com\Site\Gene Chu Dot Com folder\Gene Chu Dot Com\galleryimages\wdesolationdetail.gif --> ftp.genechu.com /galleryimages wdesolationdetail.gif
2002.06.28 16:59 B D:\My Documents\Gene Chu Dot Com\Site\Gene Chu Dot Com folder\Gene Chu Dot Com\galleryimages\wdesolationthm.gif --> ftp.genechu.com /galleryimages wdesolationthm.gif
2002.06.28 16:59 B D:\My Documents\Gene Chu Dot Com\Site\Gene Chu Dot Com folder\Gene Chu Dot Com\galleryimages\WS_FTP.LOG --> ftp.genechu.com /galleryimages WS_FTP.LOG
2002.07.01 12:09 B D:\My Documents\Gene Chu Dot Com\Site\Gene Chu Dot Com folder\Gene Chu Dot Com\galleryimages\186pixelspacer.gif --> ftp.genechu.com /galleryimages 186pixelspacer.gif
2002.07.01 12:09 B D:\My Documents\Gene Chu Dot Com\Site\Gene Chu Dot Com folder\Gene Chu Dot Com\galleryimages\mdanceoftheshadows.gif --> ftp.genechu.com /galleryimages mdanceoftheshadows.gif
2002.07.01 12:09 B D:\My Documents\Gene Chu Dot Com\Site\Gene Chu Dot Com folder\Gene Chu Dot Com\galleryimages\mdanceoftheshadowsdetail.gif --> ftp.genechu.com /galleryimages mdanceoftheshadowsdetail.gif
2002.07.01 12:09 B D:\My Documents\Gene Chu Dot Com\Site\Gene Chu Dot Com folder\Gene Chu Dot Com\galleryimages\mdanceoftheshadowsthm.gif --> ftp.genechu.com /galleryimages mdanceoftheshadowsthm.gif
2002.07.01 12:09 B D:\My Documents\Gene Chu Dot Com\Site\Gene Chu Dot Com folder\Gene Chu Dot Com\galleryimages\mgateofmysteries.gif --> ftp.genechu.com /galleryimages mgateofmysteries.gif
2002.07.01 12:10 B D:\My Documents\Gene Chu Dot Com\Site\Gene Chu Dot Com folder\Gene Chu Dot Com\galleryimages\mgateofmysteriesdetail.gif --> ftp.genechu.com /galleryimages mgateofmysteriesdetail.gif
2002.07.01 12:10 B D:\My Documents\Gene Chu Dot Com\Site\Gene Chu Dot Com folder\Gene Chu Dot Com\galleryimages\mgateofmysteriesthm.gif --> ftp.genechu.com /galleryimages mgateofmysteriesthm.gif
2002.07.01 12:10 B D:\My Documents\Gene Chu Dot Com\Site\Gene Chu Dot Com folder\Gene Chu Dot Com\galleryimages\mtheriverthm.gif --> ftp.genechu.com /galleryimages mtheriverthm.gif
2002.07.01 12:10 B D:\My Documents\Gene Chu Dot Com\Site\Gene Chu Dot Com folder\Gene Chu Dot Com\galleryimages\s1morningdew.gif --> ftp.genechu.com /galleryimages s1morningdew.gif
2002.07.01 12:10 B D:\My Documents\Gene Chu Dot Com\Site\Gene Chu Dot Com folder\Gene Chu Dot Com\galleryimages\s1morningdewdetail.gif --> ftp.genechu.com /galleryimages s1morningdewdetail.gif
2002.07.01 12:10 B D:\My Documents\Gene Chu Dot Com\Site\Gene Chu Dot Com folder\Gene Chu Dot Com\galleryimages\s1morningdewthm.gif --> ftp.genechu.com /galleryimages s1morningdewthm.gif
2002.07.01 12:10 B D:\My Documents\Gene Chu Dot Com\Site\Gene Chu Dot Com folder\Gene Chu Dot Com\galleryimages\s2middaywrestle.gif --> ftp.genechu.com /galleryimages s2middaywrestle.gif
2002.07.01 12:10 B D:\My Documents\Gene Chu Dot Com\Site\Gene Chu Dot Com folder\Gene Chu Dot Com\galleryimages\s2middaywrestledetail.gif --> ftp.genechu.com /galleryimages s2middaywrestledetail.gif
2002.07.01 12:10 B D:\My Documents\Gene Chu Dot Com\Site\Gene Chu Dot Com folder\Gene Chu Dot Com\galleryimages\s2middaywrestlethm.gif --> ftp.genechu.com /galleryimages s2middaywrestlethm.gif
2002.07.01 12:10 B D:\My Documents\Gene Chu Dot Com\Site\Gene Chu Dot Com folder\Gene Chu Dot Com\galleryimages\s3afternoonhustle.gif --> ftp.genechu.com /galleryimages s3afternoonhustle.gif
2002.07.01 12:10 B D:\My Documents\Gene Chu Dot Com\Site\Gene Chu Dot Com folder\Gene Chu Dot Com\galleryimages\s3afternoonhustledetail.gif --> ftp.genechu.com /galleryimages s3afternoonhustledetail.gif
2002.07.01 12:10 B D:\My Documents\Gene Chu Dot Com\Site\Gene Chu Dot Com folder\Gene Chu Dot Com\galleryimages\s3afternoonhustlethm.gif --> ftp.genechu.com /galleryimages s3afternoonhustlethm.gif
2002.07.01 12:10 B D:\My Documents\Gene Chu Dot Com\Site\Gene Chu Dot Com folder\Gene Chu Dot Com\galleryimages\s4eveningchill.gif --> ftp.genechu.com /galleryimages s4eveningchill.gif
2002.07.01 12:10 B D:\My Documents\Gene Chu Dot Com\Site\Gene Chu Dot Com folder\Gene Chu Dot Com\galleryimages\s4eveningchilldetail.gif --> ftp.genechu.com /galleryimages s4eveningchilldetail.gif
2002.07.01 12:10 B D:\My Documents\Gene Chu Dot Com\Site\Gene Chu Dot Com folder\Gene Chu Dot Com\galleryimages\s4eveningchillthm.gif --> ftp.genechu.com /galleryimages s4eveningchillthm.gif
2002.07.01 12:10 B D:\My Documents\Gene Chu Dot Com\Site\Gene Chu Dot Com folder\Gene Chu Dot Com\galleryimages\wcaptivity.gif --> ftp.genechu.com /galleryimages wcaptivity.gif
2002.07.01 12:10 B D:\My Documents\Gene Chu Dot Com\Site\Gene Chu Dot Com folder\Gene Chu Dot Com\galleryimages\wcaptivitydetail.gif --> ftp.genechu.com /galleryimages wcaptivitydetail.gif
2002.07.01 12:10 B D:\My Documents\Gene Chu Dot Com\Site\Gene Chu Dot Com folder\Gene Chu Dot Com\galleryimages\wcaptivitythm.gif --> ftp.genechu.com /galleryimages wcaptivitythm.gif
2002.07.01 12:10 B D:\My Documents\Gene Chu Dot Com\Site\Gene Chu Dot Com folder\Gene Chu Dot Com\galleryimages\wdesolation.gif --> ftp.genechu.com /galleryimages wdesolation.gif
2002.07.01 12:10 B D:\My Documents\Gene Chu Dot Com\Site\Gene Chu Dot Com folder\Gene Chu Dot Com\galleryimages\wdesolationdetail.gif --> ftp.genechu.com /galleryimages wdesolationdetail.gif
2002.07.01 12:10 B D:\My Documents\Gene Chu Dot Com\Site\Gene Chu Dot Com folder\Gene Chu Dot Com\galleryimages\wdesolationthm.gif --> ftp.genechu.com /galleryimages wdesolationthm.gif
2002.07.01 12:10 B D:\My Documents\Gene Chu Dot Com\Site\Gene Chu Dot Com folder\Gene Chu Dot Com\galleryimages\WS_FTP.LOG --> ftp.genechu.com /galleryimages WS_FTP.LOG
2002.07.01 13:24 B D:\My Documents\Gene Chu Dot Com\Site\Gene Chu Dot Com folder\Gene Chu Dot Com\galleryimages\186pixelspacer.gif --> ftp.genechu.com /layoutimages/galleryimages 186pixelspacer.gif
2002.07.01 13:24 B D:\My Documents\Gene Chu Dot Com\Site\Gene Chu Dot Com folder\Gene Chu Dot Com\galleryimages\a6victorsvanquished.gif --> ftp.genechu.com /layoutimages/galleryimages a6victorsvanquished.gif
2002.07.01 13:24 B D:\My Documents\Gene Chu Dot Com\Site\Gene Chu Dot Com folder\Gene Chu Dot Com\galleryimages\a6victorsvanquisheddetail.gif --> ftp.genechu.com /layoutimages/galleryimages a6victorsvanquisheddetail.gif
2002.07.01 13:24 B D:\My Documents\Gene Chu Dot Com\Site\Gene Chu Dot Com folder\Gene Chu Dot Com\galleryimages\a6victorsvanquisheddetail2.gif --> ftp.genechu.com /layoutimages/galleryimages a6victorsvanquisheddetail2.gif
2002.07.01 13:24 B D:\My Documents\Gene Chu Dot Com\Site\Gene Chu Dot Com folder\Gene Chu Dot Com\galleryimages\a6victorsvanquishedthm.gif --> ftp.genechu.com /layoutimages/galleryimages a6victorsvanquishedthm.gif
2002.07.01 13:24 B D:\My Documents\Gene Chu Dot Com\Site\Gene Chu Dot Com folder\Gene Chu Dot Com\galleryimages\f13.gif --> ftp.genechu.com /layoutimages/galleryimages f13.gif
2002.07.01 13:24 B D:\My Documents\Gene Chu Dot Com\Site\Gene Chu Dot Com folder\Gene Chu Dot Com\galleryimages\f13detail.gif --> ftp.genechu.com /layoutimages/galleryimages f13detail.gif
2002.07.01 13:24 B D:\My Documents\Gene Chu Dot Com\Site\Gene Chu Dot Com folder\Gene Chu Dot Com\galleryimages\f13thm.gif --> ftp.genechu.com /layoutimages/galleryimages f13thm.gif
2002.07.01 13:24 B D:\My Documents\Gene Chu Dot Com\Site\Gene Chu Dot Com folder\Gene Chu Dot Com\galleryimages\genechuprinting.gif --> ftp.genechu.com /layoutimages/galleryimages genechuprinting.gif
2002.07.01 13:24 B D:\My Documents\Gene Chu Dot Com\Site\Gene Chu Dot Com folder\Gene Chu Dot Com\galleryimages\genechuprinting2.gif --> ftp.genechu.com /layoutimages/galleryimages genechuprinting2.gif
2002.07.01 13:24 B D:\My Documents\Gene Chu Dot Com\Site\Gene Chu Dot Com folder\Gene Chu Dot Com\galleryimages\mdanceoftheshadows.gif --> ftp.genechu.com /layoutimages/galleryimages mdanceoftheshadows.gif
2002.07.01 13:24 B D:\My Documents\Gene Chu Dot Com\Site\Gene Chu Dot Com folder\Gene Chu Dot Com\galleryimages\mdanceoftheshadowsdetail.gif --> ftp.genechu.com /layoutimages/galleryimages mdanceoftheshadowsdetail.gif
2002.07.01 13:24 B D:\My Documents\Gene Chu Dot Com\Site\Gene Chu Dot Com folder\Gene Chu Dot Com\galleryimages\mdanceoftheshadowsthm.gif --> ftp.genechu.com /layoutimages/galleryimages mdanceoftheshadowsthm.gif
2002.07.01 13:24 B D:\My Documents\Gene Chu Dot Com\Site\Gene Chu Dot Com folder\Gene Chu Dot Com\galleryimages\mgateofmysteries.gif --> ftp.genechu.com /layoutimages/galleryimages mgateofmysteries.gif
2002.07.01 13:24 B D:\My Documents\Gene Chu Dot Com\Site\Gene Chu Dot Com folder\Gene Chu Dot Com\galleryimages\mgateofmysteriesdetail.gif --> ftp.genechu.com /layoutimages/galleryimages mgateofmysteriesdetail.gif
2002.07.01 13:24 B D:\My Documents\Gene Chu Dot Com\Site\Gene Chu Dot Com folder\Gene Chu Dot Com\galleryimages\mgateofmysteriesthm.gif --> ftp.genechu.com /layoutimages/galleryimages mgateofmysteriesthm.gif
2002.07.01 13:24 B D:\My Documents\Gene Chu Dot Com\Site\Gene Chu Dot Com folder\Gene Chu Dot Com\galleryimages\mtheriver.gif --> ftp.genechu.com /layoutimages/galleryimages mtheriver.gif
2002.07.01 13:24 B D:\My Documents\Gene Chu Dot Com\Site\Gene Chu Dot Com folder\Gene Chu Dot Com\galleryimages\mtheriverdetail.gif --> ftp.genechu.com /layoutimages/galleryimages mtheriverdetail.gif
2002.07.01 13:24 B D:\My Documents\Gene Chu Dot Com\Site\Gene Chu Dot Com folder\Gene Chu Dot Com\galleryimages\mtheriverthm.gif --> ftp.genechu.com /layoutimages/galleryimages mtheriverthm.gif
2002.07.01 13:24 B D:\My Documents\Gene Chu Dot Com\Site\Gene Chu Dot Com folder\Gene Chu Dot Com\galleryimages\s1morningdew.gif --> ftp.genechu.com /layoutimages/galleryimages s1morningdew.gif
2002.07.01 13:24 B D:\My Documents\Gene Chu Dot Com\Site\Gene Chu Dot Com folder\Gene Chu Dot Com\galleryimages\s1morningdewdetail.gif --> ftp.genechu.com /layoutimages/galleryimages s1morningdewdetail.gif
2002.07.01 13:24 B D:\My Documents\Gene Chu Dot Com\Site\Gene Chu Dot Com folder\Gene Chu Dot Com\galleryimages\s1morningdewthm.gif --> ftp.genechu.com /layoutimages/galleryimages s1morningdewthm.gif
2002.07.01 13:24 B D:\My Documents\Gene Chu Dot Com\Site\Gene Chu Dot Com folder\Gene Chu Dot Com\galleryimages\s2middaywrestle.gif --> ftp.genechu.com /layoutimages/galleryimages s2middaywrestle.gif
2002.07.01 13:24 B D:\My Documents\Gene Chu Dot Com\Site\Gene Chu Dot Com folder\Gene Chu Dot Com\galleryimages\s2middaywrestledetail.gif --> ftp.genechu.com /layoutimages/galleryimages s2middaywrestledetail.gif
2002.07.01 13:24 B D:\My Documents\Gene Chu Dot Com\Site\Gene Chu Dot Com folder\Gene Chu Dot Com\galleryimages\s2middaywrestlethm.gif --> ftp.genechu.com /layoutimages/galleryimages s2middaywrestlethm.gif
2002.07.01 13:24 B D:\My Documents\Gene Chu Dot Com\Site\Gene Chu Dot Com folder\Gene Chu Dot Com\galleryimages\s3afternoonhustle.gif --> ftp.genechu.com /layoutimages/galleryimages s3afternoonhustle.gif
2002.07.01 13:24 B D:\My Documents\Gene Chu Dot Com\Site\Gene Chu Dot Com folder\Gene Chu Dot Com\galleryimages\s3afternoonhustledetail.gif --> ftp.genechu.com /layoutimages/galleryimages s3afternoonhustledetail.gif
2002.07.01 13:24 B D:\My Documents\Gene Chu Dot Com\Site\Gene Chu Dot Com folder\Gene Chu Dot Com\galleryimages\s3afternoonhustlethm.gif --> ftp.genechu.com /layoutimages/galleryimages s3afternoonhustlethm.gif
2002.07.01 13:25 B D:\My Documents\Gene Chu Dot Com\Site\Gene Chu Dot Com folder\Gene Chu Dot Com\galleryimages\s4eveningchill.gif --> ftp.genechu.com /layoutimages/galleryimages s4eveningchill.gif
2002.07.01 13:25 B D:\My Documents\Gene Chu Dot Com\Site\Gene Chu Dot Com folder\Gene Chu Dot Com\galleryimages\s4eveningchilldetail.gif --> ftp.genechu.com /layoutimages/galleryimages s4eveningchilldetail.gif
2002.07.01 13:25 B D:\My Documents\Gene Chu Dot Com\Site\Gene Chu Dot Com folder\Gene Chu Dot Com\galleryimages\s4eveningchillthm.gif --> ftp.genechu.com /layoutimages/galleryimages s4eveningchillthm.gif
2002.07.01 13:25 B D:\My Documents\Gene Chu Dot Com\Site\Gene Chu Dot Com folder\Gene Chu Dot Com\galleryimages\wcaptivity.gif --> ftp.genechu.com /layoutimages/galleryimages wcaptivity.gif
2002.07.01 13:25 B D:\My Documents\Gene Chu Dot Com\Site\Gene Chu Dot Com folder\Gene Chu Dot Com\galleryimages\wcaptivitydetail.gif --> ftp.genechu.com /layoutimages/galleryimages wcaptivitydetail.gif
2002.07.01 13:25 B D:\My Documents\Gene Chu Dot Com\Site\Gene Chu Dot Com folder\Gene Chu Dot Com\galleryimages\wcaptivitythm.gif --> ftp.genechu.com /layoutimages/galleryimages wcaptivitythm.gif
2002.07.01 13:25 B D:\My Documents\Gene Chu Dot Com\Site\Gene Chu Dot Com folder\Gene Chu Dot Com\galleryimages\wdesolation.gif --> ftp.genechu.com /layoutimages/galleryimages wdesolation.gif
2002.07.01 13:25 B D:\My Documents\Gene Chu Dot Com\Site\Gene Chu Dot Com folder\Gene Chu Dot Com\galleryimages\wdesolationdetail.gif --> ftp.genechu.com /layoutimages/galleryimages wdesolationdetail.gif
2002.07.01 13:25 B D:\My Documents\Gene Chu Dot Com\Site\Gene Chu Dot Com folder\Gene Chu Dot Com\galleryimages\wdesolationthm.gif --> ftp.genechu.com /layoutimages/galleryimages wdesolationthm.gif
2002.07.01 13:25 B D:\My Documents\Gene Chu Dot Com\Site\Gene Chu Dot Com folder\Gene Chu Dot Com\galleryimages\WS_FTP.LOG --> ftp.genechu.com /layoutimages/galleryimages WS_FTP.LOG
2002.07.30 23:03 B D:\My Documents\Gene Chu Dot Com\Site\Gene Chu Dot Com folder\Gene Chu Dot Com\galleryimages\a5victors.gif --> ftp.genechu.com /galleryimages a5victors.gif
2002.07.30 23:03 B D:\My Documents\Gene Chu Dot Com\Site\Gene Chu Dot Com folder\Gene Chu Dot Com\galleryimages\a5victorsdetail.gif --> ftp.genechu.com /galleryimages a5victorsdetail.gif
2002.07.30 23:03 B D:\My Documents\Gene Chu Dot Com\Site\Gene Chu Dot Com folder\Gene Chu Dot Com\galleryimages\a5victorsthm.gif --> ftp.genechu.com /galleryimages a5victorsthm.gif
2002.07.30 23:03 B D:\My Documents\Gene Chu Dot Com\Site\Gene Chu Dot Com folder\Gene Chu Dot Com\galleryimages\a6victorsvanquishedthm.gif --> ftp.genechu.com /galleryimages a6victorsvanquishedthm.gif
2002.07.30 23:03 B D:\My Documents\Gene Chu Dot Com\Site\Gene Chu Dot Com folder\Gene Chu Dot Com\galleryimages\mfallingangel.gif --> ftp.genechu.com /galleryimages mfallingangel.gif
2002.07.30 23:03 B D:\My Documents\Gene Chu Dot Com\Site\Gene Chu Dot Com folder\Gene Chu Dot Com\galleryimages\mfallingangeldetail.gif --> ftp.genechu.com /galleryimages mfallingangeldetail.gif
2002.07.30 23:03 B D:\My Documents\Gene Chu Dot Com\Site\Gene Chu Dot Com folder\Gene Chu Dot Com\galleryimages\mfallingangelthm.gif --> ftp.genechu.com /galleryimages mfallingangelthm.gif
2002.07.30 23:03 B D:\My Documents\Gene Chu Dot Com\Site\Gene Chu Dot Com folder\Gene Chu Dot Com\galleryimages\mrainbow1.gif --> ftp.genechu.com /galleryimages mrainbow1.gif
2002.07.30 23:03 B D:\My Documents\Gene Chu Dot Com\Site\Gene Chu Dot Com folder\Gene Chu Dot Com\galleryimages\mrainbow1detail.gif --> ftp.genechu.com /galleryimages mrainbow1detail.gif
2002.07.30 23:03 B D:\My Documents\Gene Chu Dot Com\Site\Gene Chu Dot Com folder\Gene Chu Dot Com\galleryimages\mrainbow1thm.gif --> ftp.genechu.com /galleryimages mrainbow1thm.gif
2002.07.30 23:03 B D:\My Documents\Gene Chu Dot Com\Site\Gene Chu Dot Com folder\Gene Chu Dot Com\galleryimages\mrainbow2.gif --> ftp.genechu.com /galleryimages mrainbow2.gif
2002.07.30 23:03 B D:\My Documents\Gene Chu Dot Com\Site\Gene Chu Dot Com folder\Gene Chu Dot Com\galleryimages\mrainbow2detail.gif --> ftp.genechu.com /galleryimages mrainbow2detail.gif
2002.07.30 23:04 B D:\My Documents\Gene Chu Dot Com\Site\Gene Chu Dot Com folder\Gene Chu Dot Com\galleryimages\mrainbow2thm.gif --> ftp.genechu.com /galleryimages mrainbow2thm.gif
2002.07.30 23:04 B D:\My Documents\Gene Chu Dot Com\Site\Gene Chu Dot Com folder\Gene Chu Dot Com\galleryimages\mrainbow3.gif --> ftp.genechu.com /galleryimages mrainbow3.gif
2002.07.30 23:04 B D:\My Documents\Gene Chu Dot Com\Site\Gene Chu Dot Com folder\Gene Chu Dot Com\galleryimages\mrainbow3detail.gif --> ftp.genechu.com /galleryimages mrainbow3detail.gif
2002.07.30 23:04 B D:\My Documents\Gene Chu Dot Com\Site\Gene Chu Dot Com folder\Gene Chu Dot Com\galleryimages\mrainbow3thm.gif --> ftp.genechu.com /galleryimages mrainbow3thm.gif
2002.07.30 23:04 B D:\My Documents\Gene Chu Dot Com\Site\Gene Chu Dot Com folder\Gene Chu Dot Com\galleryimages\msoundofsilencedetail.gif --> ftp.genechu.com /galleryimages msoundofsilencedetail.gif
2002.07.30 23:04 B D:\My Documents\Gene Chu Dot Com\Site\Gene Chu Dot Com folder\Gene Chu Dot Com\galleryimages\msoundsofsilence.gif --> ftp.genechu.com /galleryimages msoundsofsilence.gif
2002.07.30 23:04 B D:\My Documents\Gene Chu Dot Com\Site\Gene Chu Dot Com folder\Gene Chu Dot Com\galleryimages\msoundsofsilencedetail.gif --> ftp.genechu.com /galleryimages msoundsofsilencedetail.gif
2002.07.30 23:04 B D:\My Documents\Gene Chu Dot Com\Site\Gene Chu Dot Com folder\Gene Chu Dot Com\galleryimages\msoundsofsilencethm.gif --> ftp.genechu.com /galleryimages msoundsofsilencethm.gif
2002.07.30 23:04 B D:\My Documents\Gene Chu Dot Com\Site\Gene Chu Dot Com folder\Gene Chu Dot Com\galleryimages\wcageofeternity.gif --> ftp.genechu.com /galleryimages wcageofeternity.gif
2002.07.30 23:04 B D:\My Documents\Gene Chu Dot Com\Site\Gene Chu Dot Com folder\Gene Chu Dot Com\galleryimages\wcageofeternitydetail.gif --> ftp.genechu.com /galleryimages wcageofeternitydetail.gif
2002.07.30 23:04 B D:\My Documents\Gene Chu Dot Com\Site\Gene Chu Dot Com folder\Gene Chu Dot Com\galleryimages\wcageofeternitythm.gif --> ftp.genechu.com /galleryimages wcageofeternitythm.gif
2002.07.30 23:04 B D:\My Documents\Gene Chu Dot Com\Site\Gene Chu Dot Com folder\Gene Chu Dot Com\galleryimages\WS_FTP.LOG --> ftp.genechu.com /galleryimages WS_FTP.LOG
2002.07.31 11:26 B D:\My Documents\Gene Chu Dot Com\Site\Gene Chu Dot Com folder\Gene Chu Dot Com\galleryimages\a5victorsdetail.gif --> ftp.genechu.com /galleryimages a5victorsdetail.gif
2002.07.31 12:05 B D:\My Documents\Gene Chu Dot Com\Site\Gene Chu Dot Com folder\Gene Chu Dot Com\galleryimages\a5victorsdetail2.gif --> ftp.genechu.com /galleryimages a5victorsdetail2.gif
2002.11.01 12:02 B D:\My Documents\Gene Chu Dot Com\Site\Gene Chu Dot Com folder\Gene Chu Dot Com\galleryimages\msoundsofsilence.gif --> www.genechu.com /galleryimages msoundsofsilence.gif
2002.11.01 12:03 B D:\My Documents\Gene Chu Dot Com\Site\Gene Chu Dot Com folder\Gene Chu Dot Com\galleryimages\msoundsofsilencethm.gif --> www.genechu.com /galleryimages msoundsofsilencethm.gif
